[0mPOST /api/v1/auths/signup [33m404[0m 487.085 ms - 96[0m
[0mPOST /api/v1/auths/signup [33m404[0m 470.733 ms - 96[0m
[0mPOST /api/v1/auths/signup [32m201[0m 575.251 ms - 489[0m
[0mPOST /api/v1/auths/signin [33m400[0m 487.769 ms - 89[0m
[0mPOST /api/v1/auths/signup [33m404[0m 457.221 ms - 96[0m
[0mPOST /api/v1/auths/signin [32m200[0m 437.501 ms - 404[0m
[0mPOST /api/v1/auths/signin [32m200[0m 438.736 ms - 404[0m
[0mPOST /api/v1/auths/signin [33m401[0m 322.225 ms - 55[0m
[0mPOST /api/v1/auths/signin [33m401[0m 400.626 ms - 55[0m
[0mPOST /api/v1/auths/signin [32m200[0m 391.140 ms - 404[0m
[0mPOST /api/v1/auths/signin [32m200[0m 1760.890 ms - 404[0m
[0mPUT /api/v1/auths/ [32m200[0m 542.212 ms - 192[0m
[0mPOST /api/v1/auths/ [32m200[0m 593.328 ms - 58[0m
[0mPOST /api/v1/auths/signin [33m401[0m 416.759 ms - 55[0m
[0mPOST /api/v1/auths/signin [32m200[0m 529.535 ms - 404[0m
[0mPUT /api/v1/users/user/6339c369ed1647508ffca454 [33m404 [0m10.147 ms - 181[0m
[0mPUT /api/v1/auths/sugnup [33m404 [0m4.830 ms - 158[0m
[0mPOST /api/v1/auths/sugnup [33m404 [0m4.092 ms - 159[0m
[0mPOST /api/v1/auths/sugnup [33m404 [0m0.811 ms - 159[0m
[0mPOST /api/v1/auths/sugnup [33m404 [0m0.778 ms - 159[0m
[0mPOST /api/v1/auths/sugnup [33m404 [0m0.458 ms - 159[0m
[0mPOST /api/v1/auths/sugnup [33m404 [0m1.078 ms - 159[0m
[0mPOST /api/v1/auths/signup [33m404 [0m443.650 ms - 72[0m
[0mPOST /api/v1/auths/signup [32m201 [0m493.336 ms - 487[0m
[0mPOST /api/v1/auths/signin [32m200 [0m316.627 ms - 406[0m
[0mPOST /api/v1/auths/signin [32m200 [0m270.876 ms - 406[0m
[0mPOST /api/v1/auths/signin [33m401 [0m3827.381 ms - 55[0m
[0mPUT /api/v1/users/user/6339e140512e5a737e689cf4 [33m404 [0m2.101 ms - 181[0m
[0mPUT /api/v1/users/user/6339e140512e5a737e689cf4 [33m404 [0m3.236 ms - 181[0m
[0mGET /api/v1/users/user/6339e140512e5a737e689cf4 [32m200 [0m1365.382 ms - 159[0m
[0mGET /api/v1/users/user/6339e140512e5a737e689cf [33m401 [0m4.735 ms - 39[0m
[0mGET /api/v1/users/user/6339e140512e5a737e689cf4 [32m200 [0m185.559 ms - 159[0m
[0mPOST /order/create/:userId [33m404 [0m6.343 ms - 160[0m
[0mPOST /order/create/6338d4ae7b98bdaaa2911ebe [33m404 [0m3.547 ms - 177[0m
[0mPOST /order/create/6338d4ae7b98bdaaa2911ebe [33m404 [0m1.144 ms - 177[0m
[0mPOST /api/v1/orders/order/create/:userId [31m500 [0m4.133 ms - 2[0m
[0mPOST /api/v1/orders/order/create/:userId [31m500 [0m16.703 ms - 2[0m
[0mPOST /api/v1/orders/order/create/:userId [31m500 [0m4.547 ms - 2[0m
[0mPOST /api/v1/orders/order/create/:userId [33m404 [0m1655.385 ms - 27[0m
[0mPOST /api/v1/orders/order/create/6338d69b43c4d7871481efd3 [33m404 [0m172.759 ms - 27[0m
[0mPOST /api/v1/orders/order/create/6338d69b43c4d7871481efd3 [31m500 [0m228.150 ms - 455[0m
[0mPOST /api/v1/orders/order/create/633a09e493769ec0530023f8 [31m500 [0m216.228 ms - 455[0m
[0mPOST /api/v1/orders/order/create/633a09e493769ec0530023f8 [31m500 [0m345.540 ms - 354[0m
[0mPOST /api/v1/orders/order/create/633a09e493769ec0530023f8 [31m500 [0m425.058 ms - 354[0m
[0mPOST /api/v1/orders/order/create/633a09e493769ec0530023f8 [31m500 [0m369.875 ms - 354[0m
[0mPOST /api/v1/orders/order/create/633a09e493769ec0530023f8 [31m500 [0m406.323 ms - 354[0m
[0mPOST /api/v1/orders/order/create/633a09e493769ec0530023f8 [31m500 [0m516.792 ms - 354[0m
[0mPOST /api/v1/orders/order/create/633a09e493769ec0530023f8 [31m500 [0m350.417 ms - 354[0m
[0mPOST /api/v1/orders/order/create/633a09e493769ec0530023f8 [33m400 [0m834.353 ms - 37[0m
[0mPOST /api/v1/orders/order/create/633a09e493769ec0530023f8 [33m400 [0m810.585 ms - 37[0m
[0mPOST /api/v1/orders/order/create/633a09e493769ec0530023f8 [33m400 [0m622.486 ms - 37[0m
[0mPOST /api/v1/orders/order/create/633a09e493769ec0530023f8 [33m400 [0m1400.076 ms - 37[0m
[0mPOST /api/v1/orders/order/create/633a09e493769ec0530023f8 [33m400 [0m773.524 ms - 37[0m
[0mPOST /api/v1/orders/order/create/633a09e493769ec0530023f8 [33m400 [0m896.358 ms - 37[0m
[0mPOST /api/v1/orders/order/create/633a09e493769ec0530023f8 [33m400 [0m707.580 ms - 37[0m
[0mPOST /api/v1/orders/order/create/633a09e493769ec0530023f8 [31m500 [0m754.296 ms - 2[0m
[0mPOST /api/v1/orders/order/create/633a09e493769ec0530023f8 [31m500 [0m648.962 ms - 354[0m
[0mPOST /api/v1/orders/order/create/633a09e493769ec0530023f8 [31m500 [0m366.370 ms - 354[0m
[0mPOST /api/v1/orders/order/create/633a09e493769ec0530023f8 [31m500 [0m485.705 ms - 354[0m
[0mPOST /api/v1/orders/order/create/633a09e493769ec0530023f8 [31m500 [0m304.262 ms - 354[0m
[0mPOST /api/v1/orders/order/create/633a09e493769ec0530023f8 [31m500 [0m413.791 ms - 354[0m
[0mPOST /api/v1/orders/order/create/633a09e493769ec0530023f8 [31m500 [0m625.346 ms - 354[0m
[0mPOST /api/v1/orders/order/create/633a09e493769ec0530023f8 [31m500 [0m5779.978 ms - 354[0m
[0mPOST /api/v1/orders/order/create/633a09e493769ec0530023f8 [31m500 [0m330.043 ms - 354[0m
[0mPOST /api/v1/orders/order/create/633a09e493769ec0530023f8 [31m500 [0m514.416 ms - 354[0m
[0mPOST /api/v1/orders/order/create/633a09e493769ec0530023f8 [33m400 [0m8625.492 ms - 37[0m
[0mPOST /api/v1/orders/order/create/633a09e493769ec0530023f8 [33m400 [0m994.158 ms - 37[0m
[0mPOST /api/v1/orders/order/create/633a09e493769ec0530023f8 [33m400 [0m1017.208 ms - 37[0m
[0mGET /order/allOrders [33m404 [0m1.419 ms - 154[0m
[0mPATCH /order/update/6338d4ae7b98bdaaa2911ebe%0A [33m404 [0m0.676 ms - 181[0m
[0mPATCH /order/update/6338d4ae7b98bdaaa2911ebe%0A [33m404 [0m0.401 ms - 181[0m
[0mPATCH /order/update/633a09e493769ec0530023f8%0A [33m404 [0m0.410 ms - 181[0m
[0mPATCH /order/update/633a09e493769ec0530023f8%0A [33m404 [0m0.585 ms - 181[0m
[0mPATCH /order/update/633a09e493769ec0530023f8%0A [33m404 [0m0.441 ms - 181[0m
[0mGET /api/v1/orders/order/allOrders [33m400 [0m12.030 ms - 271[0m
[0mPOST /api/v1/orders/order/create/633a09e493769ec0530023f8 [33m400 [0m775.224 ms - 37[0m
[0mPOST /api/v1/orders/order/create/633a09e493769ec0530023f8 [33m400 [0m678.660 ms - 37[0m
[0mPOST /api/v1/orders/order/create/633a09e493769ec0530023f8 [33m400 [0m7887.698 ms - 37[0m
[0mPOST /api/v1/orders/order/create/633a09e493769ec0530023f8 [31m500 [0m10049.165 ms - 2[0m
[0mPOST /api/v1/orders/order/create/633a09e493769ec0530023f8 [31m500 [0m6468.955 ms - 2[0m
[0mPOST /api/v1/orders/order/create/633a09e493769ec0530023f8 [33m400 [0m1780.592 ms - 37[0m
[0mPOST /api/v1/orders/order/create/633a09e493769ec0530023f8 [33m400 [0m973.985 ms - 37[0m
[0mPOST /api/v1/orders/order/create/633a09e493769ec0530023f8 [31m500 [0m956.207 ms - 2[0m
[0mPOST /api/v1/orders/order/create/633a09e493769ec0530023f8 [33m400 [0m1141.717 ms - 37[0m
[0mPOST /api/v1/orders/order/create/633a09e493769ec0530023f8 [33m400 [0m1128.011 ms - 37[0m
[0mPOST /api/v1/orders/order/create/633a09e493769ec0530023f8 [33m400 [0m1351.342 ms - 37[0m
[0mPOST /api/v1/orders/order/create/633a09e493769ec0530023f8 [32m200 [0m3528.427 ms - 279[0m
[0mPOST /api/v1/orders/order/create/633a09e493769ec0530023f8 [32m200 [0m1651.621 ms - 283[0m
[0mPOST /api/v1/orders/order/create/633a09e493769ec0530023f8 [32m200 [0m1076.722 ms - 268[0m
[0mPOST /api/v1/orders/order/create/633a09e493769ec0530023f8 [31m500 [0m623.293 ms - 2846[0m
[0mPOST /api/v1/orders/order/create/633a09e493769ec0530023f8 [31m500 [0m750.561 ms - 2846[0m
[0mPOST /api/v1/orders/order/create/633a09e493769ec0530023f8 [31m500 [0m692.940 ms - 2846[0m
[0mPOST /api/v1/orders/order/create/633a09e493769ec0530023f8 [31m500 [0m619.624 ms - 2846[0m
[0mPOST /api/v1/orders/order/create/633a09e493769ec0530023f8 [31m500 [0m875.938 ms - 2798[0m
[0mPOST /api/v1/orders/order/create/633a09e493769ec0530023f8 [32m200 [0m5512.543 ms - 1811[0m
[0mPOST /api/v1/orders/order/create/633a09e493769ec0530023f8 [32m200 [0m1332.259 ms - 1811[0m
[0mGET /api/v1/orders/order/allOrders [33m400 [0m12.344 ms - 271[0m
[0mGET /api/v1/orders/order/allOrders [33m400 [0m11.807 ms - 271[0m
[0mGET /api/v1/orders/order/allOrders/6338d69b43c4d7871481efd3 [33m404 [0m3.448 ms - 193[0m
[0mGET /api/v1/orders/order/allOrders/6338d69b43c4d7871481efd3 [33m404 [0m2.011 ms - 193[0m
[0mGET /api/v1/orders/order/allOrders [33m400 [0m19.909 ms - 271[0m
[0mGET /api/v1/orders/order/allOrders [33m400 [0m14.356 ms - 271[0m
[0mGET /api/v1/orders/order/allOrders [33m400 [0m3.452 ms - 271[0m
[0mGET /api/v1/orders/order/allOrders [33m400 [0m18.731 ms - 271[0m
[0mGET /api/v1/orders/order/6338d69b43c4d7871481efd3 [32m200 [0m479.156 ms - 13[0m
[0mPATCH /api/v1/orders/order/update/633ab0bdd7ffe63185b09a16%0A [31m500 [0m30.961 ms - 323[0m
[0mPATCH /api/v1/orders/order/update/633ab0bdd7ffe63185b09a16%0A [31m500 [0m22.978 ms - 296[0m
[0mPATCH /api/v1/orders/order/update/633a09e493769ec0530023f8%0A [31m500 [0m11.170 ms - 296[0m
[0mPATCH /api/v1/orders/order/update/633a09e493769ec0530023f8%0A [31m500 [0m20.753 ms - 296[0m
[0mPATCH /api/v1/orders/order/update/633a09e493769ec0530023f8%0A [31m500 [0m2.518 ms - 296[0m
[0mPATCH /api/v1/orders/order/update/633a09e493769ec0530023f8%0A [31m500 [0m1.129 ms - 296[0m
[0mPATCH /api/v1/orders/order/update/633a09e493769ec0530023f8%0A [31m500 [0m27.211 ms - 323[0m
[0mPATCH /api/v1/orders/order/update/633aa480bf766fd2cca92f68%0A [31m500 [0m23.127 ms - 324[0m
[0mPATCH /api/v1/orders/order/update/633aa480bf766fd2cca92f68%0A [31m500 [0m2.673 ms - 324[0m
[0mPOST /api/v1/orders/order/create/633a09e493769ec0530023f8 [32m200 [0m1971.842 ms - 846[0m
[0mPATCH /api/v1/orders/order/update/633aa480bf766fd2cca92f68%0A [31m500 [0m22.623 ms - 324[0m
[0mPATCH /api/v1/orders/order/update/633a09e493769ec0530023f8%0A [31m500 [0m4.529 ms - 324[0m
[0mPATCH /api/v1/orders/order/update/633a09e493769ec0530023f8%0A [31m500 [0m32.795 ms - 336[0m
[0mPATCH /api/v1/orders/order/update/633a09e493769ec0530023f8%0A [31m500 [0m3.725 ms - 336[0m
[0mPOST /api/v1/orders/order/create/633a09e493769ec0530023f8 [33m400 [0m941.076 ms - 37[0m
[0mPOST /api/v1/orders/order/create/633a09e493769ec0530023f8 [33m400 [0m866.443 ms - 37[0m
[0mPOST /api/v1/orders/order/create/633a09e493769ec0530023f8 [31m500 [0m2024.142 ms - 1740[0m
[0mPOST /api/v1/orders/order/create/633a09e493769ec0530023f8 [31m500 [0m10059.162 ms - 2[0m
[0mPOST /api/v1/orders/order/create/633a09e493769ec0530023f8 [31m500 [0m7456.003 ms - 1740[0m
[0mPOST /api/v1/orders/order/create/633a09e493769ec0530023f8 [31m500 [0m1175.772 ms - 1740[0m
[0mPOST /api/v1/orders/order/create/633a09e493769ec0530023f8 [32m200 [0m10311.076 ms - 843[0m
[0mGET /api/v1/orders/order/allOrders [33m400 [0m4.311 ms - 271[0m
[0mGET /api/v1/orders/order/allOrders [33m400 [0m15.777 ms - 271[0m
[0mDELETE /api/v1/orders/order/6338d69b43c4d7871481efd3 [32m204 [0m729.412 ms - -[0m
[0mGET /api/v1/orders/order/allOrders [33m400 [0m16.078 ms - 271[0m
[0mGET /api/v1/orders/order/allOrders [33m400 [0m2.908 ms - 271[0m
[0mDELETE /api/v1/orders/order/633aa5152e5863c88f26203d [33m400 [0m9009.354 ms - 31[0m
[0mDELETE /api/v1/orders/order/6338d69b43c4d7871481efd3 [32m204 [0m756.066 ms - -[0m
[0mDELETE /api/v1/orders/order/633a09e493769ec0530023f8 [32m204 [0m655.124 ms - -[0m
[0mDELETE /api/v1/orders/order/633aa480bf766fd2cca92f68 [32m204 [0m593.265 ms - -[0m
[0mDELETE /api/v1/orders/order/633aa480bf766fd2cca92f68 [33m400 [0m7011.986 ms - 70[0m
[0mDELETE /api/v1/orders/order/633aa480bf766fd2cca92f68 [33m400 [0m173.445 ms - 70[0m
[0mDELETE /api/v1/orders/order/633aa480bf766fd2cca92f68 [33m400 [0m7531.486 ms - 70[0m
[0mDELETE /api/v1/orders/order/633aa480bf766fd2cca92f68 [33m400 [0m195.092 ms - 37[0m
[0mDELETE /api/v1/orders/order/633aa480bf766fd2cca92f68 [33m400 [0m128.317 ms - 37[0m
[0mPATCH /api/v1/orders/order/update/633a09e493769ec0530023f8%0A [31m500 [0m13.387 ms - 336[0m
[0mPATCH /api/v1/orders/order/update/633a09e493769ec0530023f8%0A [31m500 [0m26.341 ms - 336[0m
[0mPATCH /api/v1/orders/order/update/633a09e493769ec0530023f8%0A [31m500 [0m17.914 ms - 336[0m
[0mPATCH /api/v1/orders/order/update/633a09e493769ec0530023f8%0A [31m500 [0m10039.542 ms - 2[0m
[0mPATCH /api/v1/orders/order/update/633a09e493769ec0530023f8%0A [33m404 [0m3112.094 ms - 31[0m
[0mPATCH /api/v1/orders/order/update/633aa987ff5f8833c8a47498%0A [33m404 [0m233.876 ms - 31[0m
[0mPATCH /api/v1/orders/order/update/633aa987ff5f8833c8a47498%0A [33m404 [0m149.771 ms - 31[0m
[0mPATCH /api/v1/orders/order/update/633aa987ff5f8833c8a47498%0A [33m404 [0m203.351 ms - 31[0m
[0mPATCH /api/v1/orders/order/update/633aa987ff5f8833c8a47498%0A [31m500 [0m23.215 ms - 297[0m
[0mPATCH /api/v1/orders/order/update/633aa987ff5f8833c8a47498%0A [31m500 [0m23.280 ms - 297[0m
[0mPATCH /api/v1/orders/order/update/633aa987ff5f8833c8a47498%0A [31m500 [0m21.906 ms - 297[0m
[0mPATCH /api/v1/orders/order/update/633aa987ff5f8833c8a47498%0A [31m500 [0m4.093 ms - 297[0m
[0mPATCH /api/v1/orders/order/update/633aa987ff5f8833c8a47498%0A [31m500 [0m15.287 ms - 2[0m
[0mPATCH /api/v1/orders/order/update/633aa987ff5f8833c8a47498%0A [31m500 [0m2.466 ms - 2[0m
[0mPATCH /api/v1/orders/order/update/633aa987ff5f8833c8a47498%0A [31m500 [0m22.217 ms - 297[0m
[0mPOST /api/v1/orders/order/create/6338d4ae7b98bdaaa2911ebe [32m200 [0m1126.224 ms - 848[0m
[0mPOST /api/v1/orders/order/create/6338d69b43c4d7871481efd3 [32m200 [0m956.231 ms - 855[0m
[0mPOST /api/v1/orders/order/create/6339fee7c1d38e2973bc7255 [32m200 [0m1024.886 ms - 853[0m
[0mPOST /api/v1/orders/order/create/633a09e493769ec0530023f8 [33m400 [0m901.801 ms - 37[0m
[0mPOST /api/v1/orders/order/create/633a09e493769ec0530023f8 [33m400 [0m3849.293 ms - 37[0m
[0mPATCH /api/v1/orders/order/update/633af7e99bba296c87d31073%0A [31m500 [0m2.283 ms - 297[0m
[0mPATCH /api/v1/orders/order/update/633af7e99bba296c87d31073%0A [33m404 [0m268.830 ms - 31[0m
[0mPATCH /api/v1/orders/order/update/6338d4ae7b98bdaaa2911ebe%0A [33m404 [0m425.676 ms - 31[0m
[0mPATCH /api/v1/orders/order/update/6338d4ae7b98bdaaa2911ebe%0A [31m500 [0m17.013 ms - 2[0m
[0mPATCH /api/v1/orders/order/update/6338d4ae7b98bdaaa2911ebe%0A [31m500 [0m12.919 ms - 2[0m
[0mPATCH /api/v1/orders/order/update/6338d4ae7b98bdaaa2911ebe%0A [31m500 [0m43.582 ms - 2[0m
[0mPATCH /api/v1/orders/order/update/6338d4ae7b98bdaaa2911ebe%0A [31m500 [0m8059.176 ms - 297[0m
[0mPATCH /api/v1/orders/order/update/6338d4ae7b98bdaaa2911ebe%0A [31m500 [0m443.450 ms - 2[0m
[0mPATCH /api/v1/orders/order/update/6338d4ae7b98bdaaa2911ebe%0A [31m500 [0m10030.612 ms - 2[0m
[0mPATCH /api/v1/orders/order/update/6338d4ae7b98bdaaa2911ebe%0A [32m200 [0m1906.441 ms - 63[0m
[0mGET /api/v1/orders/order/allOrders [33m400 [0m16.431 ms - 271[0m
[0mGET /api/v1/orders/order/allOrders [33m400 [0m20.048 ms - 271[0m
[0mGET /api/v1/orders/allOrders [32m200 [0m425.143 ms - 1206[0m
[0mGET /api/v1/orders/order/allOrders/6338d4ae7b98bdaaa2911ebe [33m404 [0m7.106 ms - 193[0m
[0mGET /api/v1/orders/order/allOrders/6338d4ae7b98bdaaa2911ebe [33m404 [0m2.356 ms - 193[0m
[0mGET /api/v1/orders/order/6338d4ae7b98bdaaa2911ebe [32m200 [0m3307.937 ms - 236[0m
[0mGET /api/v1/orders/order/6338d4ae7b98bdaaa2911ebe [33m400 [0m9645.852 ms - 30[0m
[0mGET /api/v1/orders/order/6338d4ae7b98bdaaa2911ebe [32m200 [0m9672.262 ms - 236[0m
[0mDELETE /api/v1/orders/order/6338d4ae7b98bdaaa2911ebe [33m400 [0m10027.258 ms - 30[0m
[0mDELETE /api/v1/orders/order/6338d4ae7b98bdaaa2911ebe [32m204 [0m1207.815 ms - -[0m
[0mDELETE /api/v1/orders/order/6338d4ae7b98bdaaa2911ebe [32m200 [0m658.647 ms - 40[0m
[0mPOST /api/v1/orders/order/create/633a09e493769ec0530023f8 [33m400 [0m606.043 ms - 37[0m
[0mPOST /api/v1/orders/order/create/6338d4ae7b98bdaaa2911ebe [33m400 [0m830.940 ms - 37[0m
[0mPOST /api/v1/orders/order/create/6338d69b43c4d7871481efd3 [33m400 [0m1130.134 ms - 37[0m
[0mPOST /api/v1/orders/order/create/633a09e493769ec0530023f8 [33m403 [0m4.375 ms - 27[0m
[0mPOST /api/v1/orders/order/create/633a09e493769ec0530023f8 [32m200 [0m1295.947 ms - 859[0m
